app/build/intermediates/manifest_merge_blame_file/debug/manifest-merger-blame-debug-report.txt
1<?xml version="1.0" encoding="utf-8"?>
2<manifest xmlns:android="http://schemas.android.com/apk/res/android"
3    package="com.example.myfirebase"
4    android:versionCode="1"
5    android:versionName="1.0" >
6
7    <uses-sdk
8        android:minSdkVersion="16"
8-->src/main/AndroidManifest.xml
9        android:targetSdkVersion="28" />
9-->src/main/AndroidManifest.xml
10
11    <uses-permission android:name="android.permission.ACCESS_NETWORK_STATE" />
11-->src/main/AndroidManifest.xml:5:5-79
11-->src/main/AndroidManifest.xml:5:22-76
12    <uses-permission android:name="android.permission.ACCESS_WIFI_STATE" />
12-->src/main/AndroidManifest.xml:6:5-76
12-->src/main/AndroidManifest.xml:6:22-73
13    <uses-permission android:name="android.permission.INTERNET" />
13-->src/main/AndroidManifest.xml:7:5-67
13-->src/main/AndroidManifest.xml:7:22-64
14
15    <application
15-->src/main/AndroidManifest.xml:9:5-37:19
16        android:allowBackup="true"
16-->src/main/AndroidManifest.xml:10:9-35
17        android:appComponentFactory="androidx.core.app.CoreComponentFactory"
17-->[androidx.core:core:1.0.1] AndroidManifest.xml:22:18-86
18        android:debuggable="true"
19        android:icon="@mipmap/ic_launcher"
19-->src/main/AndroidManifest.xml:11:9-43
20        android:label="@string/app_name"
20-->src/main/AndroidManifest.xml:12:9-41
21        android:roundIcon="@mipmap/ic_launcher_round"
21-->src/main/AndroidManifest.xml:13:9-54
22        android:supportsRtl="true"
22-->src/main/AndroidManifest.xml:14:9-35
23        android:testOnly="true"
24        android:theme="@style/AppTheme"
24-->src/main/AndroidManifest.xml:15:9-40
25        android:usesCleartextTraffic="true" >
25-->src/main/AndroidManifest.xml:16:9-44
26        <activity android:name="com.example.myfirebase.OtpActivity" />
26-->src/main/AndroidManifest.xml:17:9-58
26-->src/main/AndroidManifest.xml:17:19-46
27        <activity
27-->src/main/AndroidManifest.xml:18:9-20:59
28            android:name="com.example.myfirebase.RagisterActivity"
28-->src/main/AndroidManifest.xml:19:13-45
29            android:theme="@style/AppTheme.noactionbar" />
29-->src/main/AndroidManifest.xml:20:13-56
30        <activity
30-->src/main/AndroidManifest.xml:21:9-23:59
31            android:name="com.example.myfirebase.MainActivity"
31-->src/main/AndroidManifest.xml:22:13-41
32            android:theme="@style/AppTheme.noactionbar" />
32-->src/main/AndroidManifest.xml:23:13-56
33        <activity
33-->src/main/AndroidManifest.xml:24:9-32:20
34            android:name="com.example.myfirebase.LoginActivity"
34-->src/main/AndroidManifest.xml:25:13-42
35            android:theme="@style/AppTheme.noactionbar" >
35-->src/main/AndroidManifest.xml:26:13-56
36            <intent-filter>
36-->src/main/AndroidManifest.xml:27:13-31:29
37                <action android:name="android.intent.action.MAIN" />
37-->src/main/AndroidManifest.xml:28:17-69
37-->src/main/AndroidManifest.xml:28:25-66
38
39                <category android:name="android.intent.category.LAUNCHER" />
39-->src/main/AndroidManifest.xml:30:17-77
39-->src/main/AndroidManifest.xml:30:27-74
40            </intent-filter>
41        </activity>
42
43        <meta-data
43-->src/main/AndroidManifest.xml:34:9-36:57
44            android:name="preloaded_fonts"
44-->src/main/AndroidManifest.xml:35:13-43
45            android:resource="@array/preloaded_fonts" />
45-->src/main/AndroidManifest.xml:36:13-54
46
47        <activity
47-->[com.google.firebase:firebase-auth:16.0.5] AndroidManifest.xml:24:9-31:50
48            android:name="com.google.firebase.auth.internal.FederatedSignInActivity"
48-->[com.google.firebase:firebase-auth:16.0.5] AndroidManifest.xml:25:13-85
49            android:excludeFromRecents="true"
49-->[com.google.firebase:firebase-auth:16.0.5] AndroidManifest.xml:26:13-46
50            android:exported="true"
50-->[com.google.firebase:firebase-auth:16.0.5] AndroidManifest.xml:27:13-36
51            android:launchMode="singleTask"
51-->[com.google.firebase:firebase-auth:16.0.5] AndroidManifest.xml:28:13-44
52            android:permission="com.google.firebase.auth.api.gms.permission.LAUNCH_FEDERATED_SIGN_IN"
52-->[com.google.firebase:firebase-auth:16.0.5] AndroidManifest.xml:29:13-102
53            android:theme="@android:style/Theme.Translucent.NoTitleBar" />
53-->[com.google.firebase:firebase-auth:16.0.5] AndroidManifest.xml:30:13-72
54
55        <service
55-->[com.google.firebase:firebase-auth:16.0.5] AndroidManifest.xml:33:9-39:19
56            android:name="com.google.firebase.components.ComponentDiscoveryService"
56-->[com.google.firebase:firebase-auth:16.0.5] AndroidManifest.xml:34:13-84
57            android:exported="false" >
57-->[com.google.firebase:firebase-auth:16.0.5] AndroidManifest.xml:35:13-37
58            <meta-data
58-->[com.google.firebase:firebase-auth:16.0.5] AndroidManifest.xml:36:13-38:85
59                android:name="com.google.firebase.components:com.google.firebase.auth.FirebaseAuthRegistrar"
59-->[com.google.firebase:firebase-auth:16.0.5] AndroidManifest.xml:37:17-109
60                android:value="com.google.firebase.components.ComponentRegistrar" />
60-->[com.google.firebase:firebase-auth:16.0.5] AndroidManifest.xml:38:17-82
61        </service>
62
63        <activity
63-->[com.google.android.gms:play-services-base:16.0.1] AndroidManifest.xml:23:9-26:75
64            android:name="com.google.android.gms.common.api.GoogleApiActivity"
64-->[com.google.android.gms:play-services-base:16.0.1] AndroidManifest.xml:24:13-79
65            android:exported="false"
65-->[com.google.android.gms:play-services-base:16.0.1] AndroidManifest.xml:25:13-37
66            android:theme="@android:style/Theme.Translucent.NoTitleBar" />
66-->[com.google.android.gms:play-services-base:16.0.1] AndroidManifest.xml:26:13-72
67
68        <provider
68-->[com.google.firebase:firebase-common:16.0.3] AndroidManifest.xml:10:9-14:39
69            android:name="com.google.firebase.provider.FirebaseInitProvider"
69-->[com.google.firebase:firebase-common:16.0.3] AndroidManifest.xml:11:13-77
70            android:authorities="com.example.myfirebase.firebaseinitprovider"
70-->[com.google.firebase:firebase-common:16.0.3] AndroidManifest.xml:12:13-72
71            android:exported="false"
71-->[com.google.firebase:firebase-common:16.0.3] AndroidManifest.xml:13:13-37
72            android:initOrder="100" />
72-->[com.google.firebase:firebase-common:16.0.3] AndroidManifest.xml:14:13-36
73
74        <meta-data
74-->[com.google.android.gms:play-services-basement:16.1.0] AndroidManifest.xml:23:9-25:69
75            android:name="com.google.android.gms.version"
75-->[com.google.android.gms:play-services-basement:16.1.0] AndroidManifest.xml:24:13-58
76            android:value="@integer/google_play_services_version" />
76-->[com.google.android.gms:play-services-basement:16.1.0] AndroidManifest.xml:25:13-66
77    </application>
78
79</manifest>